mode: set
github.com/matchstick/exifsort/lib/scanner.go:14.58,19.2 2 1
github.com/matchstick/exifsort/lib/scanner.go:34.36,36.2 1 1
github.com/matchstick/exifsort/lib/scanner.go:39.33,41.2 1 1
github.com/matchstick/exifsort/lib/scanner.go:44.39,46.2 1 1
github.com/matchstick/exifsort/lib/scanner.go:49.39,51.2 1 1
github.com/matchstick/exifsort/lib/scanner.go:54.34,56.2 1 1
github.com/matchstick/exifsort/lib/scanner.go:59.58,65.13 4 1
github.com/matchstick/exifsort/lib/scanner.go:65.13,67.3 1 1
github.com/matchstick/exifsort/lib/scanner.go:67.8,69.3 1 1
github.com/matchstick/exifsort/lib/scanner.go:73.58,79.13 4 1
github.com/matchstick/exifsort/lib/scanner.go:79.13,81.3 1 1
github.com/matchstick/exifsort/lib/scanner.go:81.8,83.3 1 1
github.com/matchstick/exifsort/lib/scanner.go:86.58,88.2 1 1
github.com/matchstick/exifsort/lib/scanner.go:90.34,92.2 1 1
github.com/matchstick/exifsort/lib/scanner.go:94.40,98.2 1 1
github.com/matchstick/exifsort/lib/scanner.go:100.59,104.16 3 1
github.com/matchstick/exifsort/lib/scanner.go:108.2,114.15 3 1
github.com/matchstick/exifsort/lib/scanner.go:104.16,106.3 1 1
github.com/matchstick/exifsort/lib/scanner.go:123.60,127.16 3 1
github.com/matchstick/exifsort/lib/scanner.go:133.2,133.15 1 1
github.com/matchstick/exifsort/lib/scanner.go:127.16,131.3 2 1
github.com/matchstick/exifsort/lib/scanner.go:136.64,137.62 1 1
github.com/matchstick/exifsort/lib/scanner.go:137.62,140.17 2 1
github.com/matchstick/exifsort/lib/scanner.go:148.3,148.19 1 1
github.com/matchstick/exifsort/lib/scanner.go:153.3,153.25 1 1
github.com/matchstick/exifsort/lib/scanner.go:158.3,159.17 2 1
github.com/matchstick/exifsort/lib/scanner.go:164.3,167.13 3 1
github.com/matchstick/exifsort/lib/scanner.go:140.17,145.4 3 1
github.com/matchstick/exifsort/lib/scanner.go:148.19,150.4 1 1
github.com/matchstick/exifsort/lib/scanner.go:153.25,156.4 2 1
github.com/matchstick/exifsort/lib/scanner.go:159.17,162.4 2 0
github.com/matchstick/exifsort/lib/scanner.go:178.63,180.33 2 1
github.com/matchstick/exifsort/lib/scanner.go:187.2,189.12 2 1
github.com/matchstick/exifsort/lib/scanner.go:180.33,182.3 1 0
github.com/matchstick/exifsort/lib/scanner.go:193.47,195.16 2 1
github.com/matchstick/exifsort/lib/scanner.go:199.2,200.16 2 1
github.com/matchstick/exifsort/lib/scanner.go:204.2,204.12 1 1
github.com/matchstick/exifsort/lib/scanner.go:195.16,197.3 1 0
github.com/matchstick/exifsort/lib/scanner.go:200.16,202.3 1 1
github.com/matchstick/exifsort/lib/scanner.go:208.47,210.16 2 1
github.com/matchstick/exifsort/lib/scanner.go:214.2,215.16 2 1
github.com/matchstick/exifsort/lib/scanner.go:219.2,219.12 1 1
github.com/matchstick/exifsort/lib/scanner.go:210.16,212.3 1 0
github.com/matchstick/exifsort/lib/scanner.go:215.16,217.3 1 1
github.com/matchstick/exifsort/lib/scanner.go:223.27,230.2 6 1
github.com/matchstick/exifsort/lib/scanner.go:233.27,239.2 3 1
github.com/matchstick/exifsort/lib/sorter.go:26.52,29.2 2 1
github.com/matchstick/exifsort/lib/sorter.go:31.46,33.2 1 1
github.com/matchstick/exifsort/lib/sorter.go:36.58,38.2 1 1
github.com/matchstick/exifsort/lib/sorter.go:41.61,43.2 1 0
github.com/matchstick/exifsort/lib/sorter.go:47.75,48.50 1 1
github.com/matchstick/exifsort/lib/sorter.go:53.2,54.33 2 1
github.com/matchstick/exifsort/lib/sorter.go:60.2,60.40 1 1
github.com/matchstick/exifsort/lib/sorter.go:67.2,69.41 2 1
github.com/matchstick/exifsort/lib/sorter.go:92.2,92.12 1 1
github.com/matchstick/exifsort/lib/sorter.go:48.50,51.3 2 1
github.com/matchstick/exifsort/lib/sorter.go:54.33,57.3 2 1
github.com/matchstick/exifsort/lib/sorter.go:60.40,62.17 2 1
github.com/matchstick/exifsort/lib/sorter.go:62.17,64.4 1 0
github.com/matchstick/exifsort/lib/sorter.go:69.41,73.17 3 1
github.com/matchstick/exifsort/lib/sorter.go:77.3,77.17 1 1
github.com/matchstick/exifsort/lib/sorter.go:84.3,84.17 1 1
github.com/matchstick/exifsort/lib/sorter.go:89.3,89.51 1 1
github.com/matchstick/exifsort/lib/sorter.go:73.17,75.4 1 0
github.com/matchstick/exifsort/lib/sorter.go:78.19,79.36 1 1
github.com/matchstick/exifsort/lib/sorter.go:80.19,81.36 1 1
github.com/matchstick/exifsort/lib/sorter.go:84.17,87.4 2 0
github.com/matchstick/exifsort/lib/sorter.go:95.59,100.16 4 1
github.com/matchstick/exifsort/lib/sorter.go:104.2,106.39 2 1
github.com/matchstick/exifsort/lib/sorter.go:122.2,122.12 1 1
github.com/matchstick/exifsort/lib/sorter.go:100.16,102.3 1 1
github.com/matchstick/exifsort/lib/sorter.go:106.39,108.17 2 1
github.com/matchstick/exifsort/lib/sorter.go:113.3,114.30 2 1
github.com/matchstick/exifsort/lib/sorter.go:119.3,119.31 1 1
github.com/matchstick/exifsort/lib/sorter.go:108.17,109.12 1 1
github.com/matchstick/exifsort/lib/sorter.go:114.30,116.4 1 1
github.com/matchstick/exifsort/lib/sorter.go:130.62,134.16 3 1
github.com/matchstick/exifsort/lib/sorter.go:138.2,138.16 1 1
github.com/matchstick/exifsort/lib/sorter.go:134.16,136.3 1 1
github.com/matchstick/exifsort/lib/args.go:20.58,24.32 2 1
github.com/matchstick/exifsort/lib/args.go:31.2,31.21 1 1
github.com/matchstick/exifsort/lib/args.go:24.32,26.20 2 1
github.com/matchstick/exifsort/lib/args.go:26.20,28.4 1 1
github.com/matchstick/exifsort/lib/args.go:38.37,41.32 2 1
github.com/matchstick/exifsort/lib/args.go:46.2,48.73 2 1
github.com/matchstick/exifsort/lib/args.go:41.32,44.3 2 1
github.com/matchstick/exifsort/lib/args.go:53.43,61.25 3 1
github.com/matchstick/exifsort/lib/args.go:65.2,65.17 1 1
github.com/matchstick/exifsort/lib/args.go:61.25,63.3 1 1
github.com/matchstick/exifsort/lib/args.go:78.43,85.25 3 1
github.com/matchstick/exifsort/lib/args.go:89.2,89.17 1 1
github.com/matchstick/exifsort/lib/args.go:85.25,87.3 1 1
github.com/matchstick/exifsort/lib/exif.go:17.55,19.36 2 1
github.com/matchstick/exifsort/lib/exif.go:24.2,25.16 2 1
github.com/matchstick/exifsort/lib/exif.go:29.2,29.18 1 1
github.com/matchstick/exifsort/lib/exif.go:19.36,21.3 1 1
github.com/matchstick/exifsort/lib/exif.go:25.16,27.3 1 1
github.com/matchstick/exifsort/lib/exif.go:34.81,36.36 2 1
github.com/matchstick/exifsort/lib/exif.go:40.2,41.44 2 1
github.com/matchstick/exifsort/lib/exif.go:45.2,48.65 3 1
github.com/matchstick/exifsort/lib/exif.go:52.2,53.39 2 1
github.com/matchstick/exifsort/lib/exif.go:57.2,57.30 1 1
github.com/matchstick/exifsort/lib/exif.go:36.36,38.3 1 1
github.com/matchstick/exifsort/lib/exif.go:41.44,43.3 1 1
github.com/matchstick/exifsort/lib/exif.go:48.65,50.3 1 1
github.com/matchstick/exifsort/lib/exif.go:53.39,55.3 1 1
github.com/matchstick/exifsort/lib/exif.go:62.74,64.36 2 1
github.com/matchstick/exifsort/lib/exif.go:68.2,69.41 2 1
github.com/matchstick/exifsort/lib/exif.go:73.2,74.45 2 1
github.com/matchstick/exifsort/lib/exif.go:78.2,79.45 2 1
github.com/matchstick/exifsort/lib/exif.go:86.2,86.34 1 1
github.com/matchstick/exifsort/lib/exif.go:64.36,66.3 1 1
github.com/matchstick/exifsort/lib/exif.go:69.41,71.3 1 1
github.com/matchstick/exifsort/lib/exif.go:74.45,76.3 1 1
github.com/matchstick/exifsort/lib/exif.go:79.45,81.17 2 1
github.com/matchstick/exifsort/lib/exif.go:81.17,83.4 1 1
github.com/matchstick/exifsort/lib/exif.go:91.65,95.44 3 1
github.com/matchstick/exifsort/lib/exif.go:99.2,103.16 4 1
github.com/matchstick/exifsort/lib/exif.go:107.2,108.16 2 1
github.com/matchstick/exifsort/lib/exif.go:112.2,115.15 2 1
github.com/matchstick/exifsort/lib/exif.go:95.44,97.3 1 1
github.com/matchstick/exifsort/lib/exif.go:103.16,105.3 1 1
github.com/matchstick/exifsort/lib/exif.go:108.16,110.3 1 1
github.com/matchstick/exifsort/lib/exif.go:122.54,126.16 3 1
github.com/matchstick/exifsort/lib/exif.go:130.2,130.23 1 1
github.com/matchstick/exifsort/lib/exif.go:135.2,136.16 2 1
github.com/matchstick/exifsort/lib/exif.go:141.2,142.16 2 1
github.com/matchstick/exifsort/lib/exif.go:146.2,146.50 1 1
github.com/matchstick/exifsort/lib/exif.go:151.2,155.16 3 1
github.com/matchstick/exifsort/lib/exif.go:159.2,159.18 1 1
github.com/matchstick/exifsort/lib/exif.go:126.16,128.3 1 1
github.com/matchstick/exifsort/lib/exif.go:130.23,132.3 1 1
github.com/matchstick/exifsort/lib/exif.go:136.16,138.3 1 0
github.com/matchstick/exifsort/lib/exif.go:142.16,144.3 1 1
github.com/matchstick/exifsort/lib/exif.go:146.50,148.3 1 0
github.com/matchstick/exifsort/lib/exif.go:155.16,157.3 1 0
github.com/matchstick/exifsort/lib/merge.go:20.64,22.15 2 1
github.com/matchstick/exifsort/lib/merge.go:28.2,28.68 1 1
github.com/matchstick/exifsort/lib/merge.go:36.2,45.16 4 1
github.com/matchstick/exifsort/lib/merge.go:59.2,62.16 3 1
github.com/matchstick/exifsort/lib/merge.go:66.2,66.16 1 1
github.com/matchstick/exifsort/lib/merge.go:22.15,24.3 1 0
github.com/matchstick/exifsort/lib/merge.go:28.68,33.3 3 1
github.com/matchstick/exifsort/lib/merge.go:46.18,47.20 1 1
github.com/matchstick/exifsort/lib/merge.go:48.19,50.26 1 1
github.com/matchstick/exifsort/lib/merge.go:51.17,54.40 1 1
github.com/matchstick/exifsort/lib/merge.go:55.10,56.15 1 0
github.com/matchstick/exifsort/lib/merge.go:62.16,64.3 1 0
github.com/matchstick/exifsort/lib/merge.go:74.48,76.56 1 1
github.com/matchstick/exifsort/lib/merge.go:96.2,96.12 1 1
github.com/matchstick/exifsort/lib/merge.go:76.56,77.18 1 1
github.com/matchstick/exifsort/lib/merge.go:84.4,84.20 1 1
github.com/matchstick/exifsort/lib/merge.go:88.4,88.43 1 1
github.com/matchstick/exifsort/lib/merge.go:93.4,93.14 1 1
github.com/matchstick/exifsort/lib/merge.go:77.18,81.5 2 0
github.com/matchstick/exifsort/lib/merge.go:84.20,86.5 1 1
github.com/matchstick/exifsort/lib/merge.go:88.43,91.5 2 1
github.com/matchstick/exifsort/lib/merge.go:99.50,103.30 2 1
github.com/matchstick/exifsort/lib/merge.go:108.2,108.26 1 1
github.com/matchstick/exifsort/lib/merge.go:114.2,114.30 1 1
github.com/matchstick/exifsort/lib/merge.go:103.30,105.3 1 0
github.com/matchstick/exifsort/lib/merge.go:108.26,110.3 1 1
github.com/matchstick/exifsort/lib/merge.go:117.78,129.9 5 1
github.com/matchstick/exifsort/lib/merge.go:170.2,170.16 1 1
github.com/matchstick/exifsort/lib/merge.go:130.26,133.17 2 1
github.com/matchstick/exifsort/lib/merge.go:138.3,139.43 2 1
github.com/matchstick/exifsort/lib/merge.go:140.18,142.33 1 0
github.com/matchstick/exifsort/lib/merge.go:143.10,150.36 2 1
github.com/matchstick/exifsort/lib/merge.go:157.3,157.68 1 1
github.com/matchstick/exifsort/lib/merge.go:162.3,162.17 1 1
github.com/matchstick/exifsort/lib/merge.go:166.3,166.43 1 1
github.com/matchstick/exifsort/lib/merge.go:133.17,135.4 1 0
github.com/matchstick/exifsort/lib/merge.go:150.36,154.4 3 1
github.com/matchstick/exifsort/lib/merge.go:157.68,159.4 1 1
github.com/matchstick/exifsort/lib/merge.go:162.17,164.4 1 1
github.com/matchstick/exifsort/lib/merge.go:171.18,172.36 1 1
github.com/matchstick/exifsort/lib/merge.go:173.18,174.36 1 1
github.com/matchstick/exifsort/lib/merge.go:175.10,177.28 2 0
github.com/matchstick/exifsort/lib/merge.go:181.80,183.59 1 1
github.com/matchstick/exifsort/lib/merge.go:207.2,207.12 1 1
github.com/matchstick/exifsort/lib/merge.go:183.59,184.18 1 1
github.com/matchstick/exifsort/lib/merge.go:191.4,191.20 1 1
github.com/matchstick/exifsort/lib/merge.go:195.4,195.29 1 1
github.com/matchstick/exifsort/lib/merge.go:199.4,200.18 2 1
github.com/matchstick/exifsort/lib/merge.go:204.4,204.14 1 1
github.com/matchstick/exifsort/lib/merge.go:184.18,188.5 2 0
github.com/matchstick/exifsort/lib/merge.go:191.20,193.5 1 1
github.com/matchstick/exifsort/lib/merge.go:195.29,197.5 1 0
github.com/matchstick/exifsort/lib/merge.go:200.18,202.5 1 0
github.com/matchstick/exifsort/lib/os.go:21.41,23.2 1 1
github.com/matchstick/exifsort/lib/os.go:25.41,25.57 1 0
github.com/matchstick/exifsort/lib/os.go:27.53,29.2 1 1
github.com/matchstick/exifsort/lib/os.go:31.45,33.16 2 1
github.com/matchstick/exifsort/lib/os.go:37.2,38.16 2 1
github.com/matchstick/exifsort/lib/os.go:42.2,42.12 1 1
github.com/matchstick/exifsort/lib/os.go:33.16,35.3 1 0
github.com/matchstick/exifsort/lib/os.go:38.16,40.3 1 0
github.com/matchstick/exifsort/lib/os.go:45.52,50.16 3 1
github.com/matchstick/exifsort/lib/os.go:54.2,54.19 1 1
github.com/matchstick/exifsort/lib/os.go:50.16,52.3 1 0
github.com/matchstick/exifsort/lib/os.go:72.77,78.36 4 1
github.com/matchstick/exifsort/lib/os.go:106.2,106.22 1 1
github.com/matchstick/exifsort/lib/os.go:78.36,81.26 2 1
github.com/matchstick/exifsort/lib/os.go:86.3,87.17 2 1
github.com/matchstick/exifsort/lib/os.go:92.3,92.19 1 1
github.com/matchstick/exifsort/lib/os.go:103.3,103.64 1 1
github.com/matchstick/exifsort/lib/os.go:81.26,83.9 1 1
github.com/matchstick/exifsort/lib/os.go:87.17,90.4 1 0
github.com/matchstick/exifsort/lib/os.go:92.19,100.4 4 1
github.com/matchstick/exifsort/lib/ext.go:25.36,42.2 1 1
github.com/matchstick/exifsort/lib/ext.go:44.37,51.9 2 1
github.com/matchstick/exifsort/lib/ext.go:60.2,62.21 2 1
github.com/matchstick/exifsort/lib/ext.go:66.2,68.18 2 1
github.com/matchstick/exifsort/lib/ext.go:52.40,53.14 1 1
github.com/matchstick/exifsort/lib/ext.go:54.39,55.14 1 1
github.com/matchstick/exifsort/lib/ext.go:56.48,57.14 1 1
github.com/matchstick/exifsort/lib/ext.go:62.21,64.3 1 1
github.com/matchstick/exifsort/lib/index.go:40.29,44.2 3 1
github.com/matchstick/exifsort/lib/index.go:48.51,50.19 2 1
github.com/matchstick/exifsort/lib/index.go:54.2,56.13 2 1
github.com/matchstick/exifsort/lib/index.go:50.19,52.3 1 1
github.com/matchstick/exifsort/lib/index.go:61.37,65.14 3 1
github.com/matchstick/exifsort/lib/index.go:70.2,70.16 1 1
github.com/matchstick/exifsort/lib/index.go:65.14,68.3 2 1
github.com/matchstick/exifsort/lib/index.go:74.44,76.61 1 1
github.com/matchstick/exifsort/lib/index.go:77.2,77.16 1 1
github.com/matchstick/exifsort/lib/index.go:81.2,83.12 2 1
github.com/matchstick/exifsort/lib/index.go:76.61,76.89 1 1
github.com/matchstick/exifsort/lib/index.go:77.16,79.3 1 1
github.com/matchstick/exifsort/lib/index.go:92.65,95.2 2 1
github.com/matchstick/exifsort/lib/index.go:97.60,100.2 2 1
github.com/matchstick/exifsort/lib/index.go:102.53,105.43 2 1
github.com/matchstick/exifsort/lib/index.go:115.2,115.18 1 1
github.com/matchstick/exifsort/lib/index.go:105.43,106.36 1 1
github.com/matchstick/exifsort/lib/index.go:106.36,107.26 1 1
github.com/matchstick/exifsort/lib/index.go:107.26,111.5 2 1
github.com/matchstick/exifsort/lib/index.go:118.39,121.43 2 1
github.com/matchstick/exifsort/lib/index.go:130.2,130.15 1 1
github.com/matchstick/exifsort/lib/index.go:121.43,123.36 2 1
github.com/matchstick/exifsort/lib/index.go:123.36,127.4 3 1
github.com/matchstick/exifsort/lib/index.go:133.36,139.31 4 1
github.com/matchstick/exifsort/lib/index.go:144.2,144.15 1 1
github.com/matchstick/exifsort/lib/index.go:139.31,142.3 2 1
github.com/matchstick/exifsort/lib/index.go:151.61,156.2 3 1
github.com/matchstick/exifsort/lib/index.go:158.66,163.2 3 1
github.com/matchstick/exifsort/lib/index.go:165.54,168.43 2 1
github.com/matchstick/exifsort/lib/index.go:182.2,182.18 1 1
github.com/matchstick/exifsort/lib/index.go:168.43,169.51 1 1
github.com/matchstick/exifsort/lib/index.go:169.51,170.38 1 1
github.com/matchstick/exifsort/lib/index.go:170.38,171.27 1 1
github.com/matchstick/exifsort/lib/index.go:171.27,177.6 2 1
github.com/matchstick/exifsort/lib/index.go:185.40,188.43 2 1
github.com/matchstick/exifsort/lib/index.go:199.2,199.15 1 1
github.com/matchstick/exifsort/lib/index.go:188.43,189.51 1 1
github.com/matchstick/exifsort/lib/index.go:189.51,191.37 2 1
github.com/matchstick/exifsort/lib/index.go:191.37,195.5 3 1
github.com/matchstick/exifsort/lib/index.go:202.37,208.31 4 1
github.com/matchstick/exifsort/lib/index.go:213.2,213.15 1 1
github.com/matchstick/exifsort/lib/index.go:208.31,211.3 2 1
github.com/matchstick/exifsort/lib/index.go:220.59,226.2 4 1
github.com/matchstick/exifsort/lib/index.go:228.64,235.2 4 1
github.com/matchstick/exifsort/lib/index.go:237.52,240.43 2 1
github.com/matchstick/exifsort/lib/index.go:257.2,257.18 1 1
github.com/matchstick/exifsort/lib/index.go:240.43,241.51 1 1
github.com/matchstick/exifsort/lib/index.go:241.51,242.49 1 1
github.com/matchstick/exifsort/lib/index.go:242.49,243.37 1 1
github.com/matchstick/exifsort/lib/index.go:243.37,244.28 1 1
github.com/matchstick/exifsort/lib/index.go:244.28,251.7 2 1
github.com/matchstick/exifsort/lib/index.go:260.38,263.43 2 1
github.com/matchstick/exifsort/lib/index.go:276.2,276.15 1 1
github.com/matchstick/exifsort/lib/index.go:263.43,264.51 1 1
github.com/matchstick/exifsort/lib/index.go:264.51,265.49 1 1
github.com/matchstick/exifsort/lib/index.go:265.49,267.38 2 1
github.com/matchstick/exifsort/lib/index.go:267.38,271.6 3 1
github.com/matchstick/exifsort/lib/index.go:279.35,285.31 4 1
github.com/matchstick/exifsort/lib/index.go:290.2,290.15 1 1
github.com/matchstick/exifsort/lib/index.go:285.31,288.3 2 1
github.com/matchstick/exifsort/lib/index.go:301.42,302.16 1 1
github.com/matchstick/exifsort/lib/index.go:303.18,308.17 3 1
github.com/matchstick/exifsort/lib/index.go:309.19,314.17 3 1
github.com/matchstick/exifsort/lib/index.go:315.17,320.17 3 1
github.com/matchstick/exifsort/lib/index.go:321.10,323.33 2 1
